<?xml version="1.0" encoding="UTF-8"?>
<testsuite xmlns:xsi="http://www.w3.org/2001/XMLSchema-instance" xsi:noNamespaceSchemaLocation="https://maven.apache.org/surefire/maven-surefire-plugin/xsd/surefire-test-report.xsd" name="com.yxh.springboot.ApplicationTests" time="9.136" tests="1" errors="1" skipped="0" failures="0">
  <properties>
    <property name="sun.desktop" value="windows"/>
    <property name="awt.toolkit" value="sun.awt.windows.WToolkit"/>
    <property name="file.encoding.pkg" value="sun.io"/>
    <property name="java.specification.version" value="1.8"/>
    <property name="sun.cpu.isalist" value="amd64"/>
    <property name="sun.jnu.encoding" value="GBK"/>
    <property name="java.class.path" value="F:\springBoot\target\test-classes;F:\springBoot\target\classes;F:\apache-maven-3.8.4\maven-repo\cn\hutool\hutool-all\5.7.21\hutool-all-5.7.21.jar;F:\apache-maven-3.8.4\maven-repo\org\springframework\boot\spring-boot-starter-thymeleaf\2.6.3\spring-boot-starter-thymeleaf-2.6.3.jar;F:\apache-maven-3.8.4\maven-repo\org\springframework\boot\spring-boot-starter\2.6.3\spring-boot-starter-2.6.3.jar;F:\apache-maven-3.8.4\maven-repo\org\springframework\boot\spring-boot-starter-logging\2.6.3\spring-boot-starter-logging-2.6.3.jar;F:\apache-maven-3.8.4\maven-repo\ch\qos\logback\logback-classic\1.2.10\logback-classic-1.2.10.jar;F:\apache-maven-3.8.4\maven-repo\ch\qos\logback\logback-core\1.2.10\logback-core-1.2.10.jar;F:\apache-maven-3.8.4\maven-repo\org\apache\logging\log4j\log4j-to-slf4j\2.17.1\log4j-to-slf4j-2.17.1.jar;F:\apache-maven-3.8.4\maven-repo\org\apache\logging\log4j\log4j-api\2.17.1\log4j-api-2.17.1.jar;F:\apache-maven-3.8.4\maven-repo\org\slf4j\jul-to-slf4j\1.7.33\jul-to-slf4j-1.7.33.jar;F:\apache-maven-3.8.4\maven-repo\jakarta\annotation\jakarta.annotation-api\1.3.5\jakarta.annotation-api-1.3.5.jar;F:\apache-maven-3.8.4\maven-repo\org\yaml\snakeyaml\1.29\snakeyaml-1.29.jar;F:\apache-maven-3.8.4\maven-repo\org\thymeleaf\thymeleaf-spring5\3.0.14.RELEASE\thymeleaf-spring5-3.0.14.RELEASE.jar;F:\apache-maven-3.8.4\maven-repo\org\thymeleaf\thymeleaf\3.0.14.RELEASE\thymeleaf-3.0.14.RELEASE.jar;F:\apache-maven-3.8.4\maven-repo\org\attoparser\attoparser\2.0.5.RELEASE\attoparser-2.0.5.RELEASE.jar;F:\apache-maven-3.8.4\maven-repo\org\unbescape\unbescape\1.1.6.RELEASE\unbescape-1.1.6.RELEASE.jar;F:\apache-maven-3.8.4\maven-repo\org\thymeleaf\extras\thymeleaf-extras-java8time\3.0.4.RELEASE\thymeleaf-extras-java8time-3.0.4.RELEASE.jar;F:\apache-maven-3.8.4\maven-repo\org\springframework\boot\spring-boot-starter-web\2.6.3\spring-boot-starter-web-2.6.3.jar;F:\apache-maven-3.8.4\maven-repo\org\springframework\boot\spring-boot-starter-json\2.6.3\spring-boot-starter-json-2.6.3.jar;F:\apache-maven-3.8.4\maven-repo\com\fasterxml\jackson\datatype\jackson-datatype-jdk8\2.13.1\jackson-datatype-jdk8-2.13.1.jar;F:\apache-maven-3.8.4\maven-repo\com\fasterxml\jackson\datatype\jackson-datatype-jsr310\2.13.1\jackson-datatype-jsr310-2.13.1.jar;F:\apache-maven-3.8.4\maven-repo\com\fasterxml\jackson\module\jackson-module-parameter-names\2.13.1\jackson-module-parameter-names-2.13.1.jar;F:\apache-maven-3.8.4\maven-repo\org\springframework\boot\spring-boot-starter-tomcat\2.6.3\spring-boot-starter-tomcat-2.6.3.jar;F:\apache-maven-3.8.4\maven-repo\org\apache\tomcat\embed\tomcat-embed-core\9.0.56\tomcat-embed-core-9.0.56.jar;F:\apache-maven-3.8.4\maven-repo\org\apache\tomcat\embed\tomcat-embed-el\9.0.56\tomcat-embed-el-9.0.56.jar;F:\apache-maven-3.8.4\maven-repo\org\apache\tomcat\embed\tomcat-embed-websocket\9.0.56\tomcat-embed-websocket-9.0.56.jar;F:\apache-maven-3.8.4\maven-repo\org\springframework\spring-web\5.3.15\spring-web-5.3.15.jar;F:\apache-maven-3.8.4\maven-repo\org\springframework\spring-beans\5.3.15\spring-beans-5.3.15.jar;F:\apache-maven-3.8.4\maven-repo\org\springframework\spring-webmvc\5.3.15\spring-webmvc-5.3.15.jar;F:\apache-maven-3.8.4\maven-repo\org\springframework\spring-aop\5.3.15\spring-aop-5.3.15.jar;F:\apache-maven-3.8.4\maven-repo\org\springframework\spring-context\5.3.15\spring-context-5.3.15.jar;F:\apache-maven-3.8.4\maven-repo\org\springframework\spring-expression\5.3.15\spring-expression-5.3.15.jar;F:\apache-maven-3.8.4\maven-repo\com\alibaba\druid\1.2.8\druid-1.2.8.jar;F:\apache-maven-3.8.4\maven-repo\org\apache\poi\poi-ooxml\4.1.2\poi-ooxml-4.1.2.jar;F:\apache-maven-3.8.4\maven-repo\org\apache\poi\poi\4.1.2\poi-4.1.2.jar;F:\apache-maven-3.8.4\maven-repo\commons-codec\commons-codec\1.15\commons-codec-1.15.jar;F:\apache-maven-3.8.4\maven-repo\org\apache\commons\commons-collections4\4.4\commons-collections4-4.4.jar;F:\apache-maven-3.8.4\maven-repo\org\apache\commons\commons-math3\3.6.1\commons-math3-3.6.1.jar;F:\apache-maven-3.8.4\maven-repo\com\zaxxer\SparseBitSet\1.2\SparseBitSet-1.2.jar;F:\apache-maven-3.8.4\maven-repo\org\apache\poi\poi-ooxml-schemas\4.1.2\poi-ooxml-schemas-4.1.2.jar;F:\apache-maven-3.8.4\maven-repo\org\apache\xmlbeans\xmlbeans\3.1.0\xmlbeans-3.1.0.jar;F:\apache-maven-3.8.4\maven-repo\org\apache\commons\commons-compress\1.19\commons-compress-1.19.jar;F:\apache-maven-3.8.4\maven-repo\com\github\virtuald\curvesapi\1.06\curvesapi-1.06.jar;F:\apache-maven-3.8.4\maven-repo\com\auth0\java-jwt\3.18.3\java-jwt-3.18.3.jar;F:\apache-maven-3.8.4\maven-repo\com\fasterxml\jackson\core\jackson-databind\2.13.1\jackson-databind-2.13.1.jar;F:\apache-maven-3.8.4\maven-repo\com\fasterxml\jackson\core\jackson-annotations\2.13.1\jackson-annotations-2.13.1.jar;F:\apache-maven-3.8.4\maven-repo\com\fasterxml\jackson\core\jackson-core\2.13.1\jackson-core-2.13.1.jar;F:\apache-maven-3.8.4\maven-repo\com\alipay\sdk\alipay-easysdk\2.2.0\alipay-easysdk-2.2.0.jar;F:\apache-maven-3.8.4\maven-repo\com\alipay\sdk\easysdk-kernel\1.0.8\easysdk-kernel-1.0.8.jar;F:\apache-maven-3.8.4\maven-repo\com\aliyun\tea\1.0.7\tea-1.0.7.jar;F:\apache-maven-3.8.4\maven-repo\com\squareup\okhttp3\okhttp\3.14.9\okhttp-3.14.9.jar;F:\apache-maven-3.8.4\maven-repo\com\squareup\okio\okio\1.17.2\okio-1.17.2.jar;F:\apache-maven-3.8.4\maven-repo\org\jacoco\org.jacoco.agent\0.8.4\org.jacoco.agent-0.8.4-runtime.jar;F:\apache-maven-3.8.4\maven-repo\com\google\guava\guava\28.1-jre\guava-28.1-jre.jar;F:\apache-maven-3.8.4\maven-repo\com\google\guava\failureaccess\1.0.1\failureaccess-1.0.1.jar;F:\apache-maven-3.8.4\maven-repo\com\google\guava\listenablefuture\9999.0-empty-to-avoid-conflict-with-guava\listenablefuture-9999.0-empty-to-avoid-conflict-with-guava.jar;F:\apache-maven-3.8.4\maven-repo\com\google\code\findbugs\jsr305\3.0.2\jsr305-3.0.2.jar;F:\apache-maven-3.8.4\maven-repo\org\checkerframework\checker-qual\2.8.1\checker-qual-2.8.1.jar;F:\apache-maven-3.8.4\maven-repo\com\google\errorprone\error_prone_annotations\2.3.2\error_prone_annotations-2.3.2.jar;F:\apache-maven-3.8.4\maven-repo\com\google\j2objc\j2objc-annotations\1.3\j2objc-annotations-1.3.jar;F:\apache-maven-3.8.4\maven-repo\org\codehaus\mojo\animal-sniffer-annotations\1.18\animal-sniffer-annotations-1.18.jar;F:\apache-maven-3.8.4\maven-repo\com\google\code\gson\gson\2.8.9\gson-2.8.9.jar;F:\apache-maven-3.8.4\maven-repo\org\bouncycastle\bcprov-jdk15on\1.64\bcprov-jdk15on-1.64.jar;F:\apache-maven-3.8.4\maven-repo\org\freemarker\freemarker\2.3.31\freemarker-2.3.31.jar;F:\apache-maven-3.8.4\maven-repo\org\springframework\boot\spring-boot-devtools\2.6.3\spring-boot-devtools-2.6.3.jar;F:\apache-maven-3.8.4\maven-repo\org\springframework\boot\spring-boot\2.6.3\spring-boot-2.6.3.jar;F:\apache-maven-3.8.4\maven-repo\org\springframework\boot\spring-boot-autoconfigure\2.6.3\spring-boot-autoconfigure-2.6.3.jar;F:\apache-maven-3.8.4\maven-repo\mysql\mysql-connector-java\8.0.28\mysql-connector-java-8.0.28.jar;F:\apache-maven-3.8.4\maven-repo\org\springframework\boot\spring-boot-configuration-processor\2.6.3\spring-boot-configuration-processor-2.6.3.jar;F:\apache-maven-3.8.4\maven-repo\org\projectlombok\lombok\1.18.22\lombok-1.18.22.jar;F:\apache-maven-3.8.4\maven-repo\org\springframework\boot\spring-boot-starter-test\2.6.3\spring-boot-starter-test-2.6.3.jar;F:\apache-maven-3.8.4\maven-repo\org\springframework\boot\spring-boot-test\2.6.3\spring-boot-test-2.6.3.jar;F:\apache-maven-3.8.4\maven-repo\org\springframework\boot\spring-boot-test-autoconfigure\2.6.3\spring-boot-test-autoconfigure-2.6.3.jar;F:\apache-maven-3.8.4\maven-repo\com\jayway\jsonpath\json-path\2.6.0\json-path-2.6.0.jar;F:\apache-maven-3.8.4\maven-repo\net\minidev\json-smart\2.4.7\json-smart-2.4.7.jar;F:\apache-maven-3.8.4\maven-repo\net\minidev\accessors-smart\2.4.7\accessors-smart-2.4.7.jar;F:\apache-maven-3.8.4\maven-repo\org\ow2\asm\asm\9.1\asm-9.1.jar;F:\apache-maven-3.8.4\maven-repo\jakarta\xml\bind\jakarta.xml.bind-api\2.3.3\jakarta.xml.bind-api-2.3.3.jar;F:\apache-maven-3.8.4\maven-repo\jakarta\activation\jakarta.activation-api\1.2.2\jakarta.activation-api-1.2.2.jar;F:\apache-maven-3.8.4\maven-repo\org\assertj\assertj-core\3.21.0\assertj-core-3.21.0.jar;F:\apache-maven-3.8.4\maven-repo\org\hamcrest\hamcrest\2.2\hamcrest-2.2.jar;F:\apache-maven-3.8.4\maven-repo\org\junit\jupiter\junit-jupiter\5.8.2\junit-jupiter-5.8.2.jar;F:\apache-maven-3.8.4\maven-repo\org\junit\jupiter\junit-jupiter-api\5.8.2\junit-jupiter-api-5.8.2.jar;F:\apache-maven-3.8.4\maven-repo\org\opentest4j\opentest4j\1.2.0\opentest4j-1.2.0.jar;F:\apache-maven-3.8.4\maven-repo\org\junit\platform\junit-platform-commons\1.8.2\junit-platform-commons-1.8.2.jar;F:\apache-maven-3.8.4\maven-repo\org\apiguardian\apiguardian-api\1.1.2\apiguardian-api-1.1.2.jar;F:\apache-maven-3.8.4\maven-repo\org\junit\jupiter\junit-jupiter-params\5.8.2\junit-jupiter-params-5.8.2.jar;F:\apache-maven-3.8.4\maven-repo\org\junit\jupiter\junit-jupiter-engine\5.8.2\junit-jupiter-engine-5.8.2.jar;F:\apache-maven-3.8.4\maven-repo\org\junit\platform\junit-platform-engine\1.8.2\junit-platform-engine-1.8.2.jar;F:\apache-maven-3.8.4\maven-repo\org\mockito\mockito-core\4.0.0\mockito-core-4.0.0.jar;F:\apache-maven-3.8.4\maven-repo\net\bytebuddy\byte-buddy\1.11.22\byte-buddy-1.11.22.jar;F:\apache-maven-3.8.4\maven-repo\net\bytebuddy\byte-buddy-agent\1.11.22\byte-buddy-agent-1.11.22.jar;F:\apache-maven-3.8.4\maven-repo\org\objenesis\objenesis\3.2\objenesis-3.2.jar;F:\apache-maven-3.8.4\maven-repo\org\mockito\mockito-junit-jupiter\4.0.0\mockito-junit-jupiter-4.0.0.jar;F:\apache-maven-3.8.4\maven-repo\org\skyscreamer\jsonassert\1.5.0\jsonassert-1.5.0.jar;F:\apache-maven-3.8.4\maven-repo\com\vaadin\external\google\android-json\0.0.20131108.vaadin1\android-json-0.0.20131108.vaadin1.jar;F:\apache-maven-3.8.4\maven-repo\org\springframework\spring-core\5.3.15\spring-core-5.3.15.jar;F:\apache-maven-3.8.4\maven-repo\org\springframework\spring-jcl\5.3.15\spring-jcl-5.3.15.jar;F:\apache-maven-3.8.4\maven-repo\org\springframework\spring-test\5.3.15\spring-test-5.3.15.jar;F:\apache-maven-3.8.4\maven-repo\org\xmlunit\xmlunit-core\2.8.4\xmlunit-core-2.8.4.jar;F:\apache-maven-3.8.4\maven-repo\com\baomidou\mybatis-plus-boot-starter\3.4.2\mybatis-plus-boot-starter-3.4.2.jar;F:\apache-maven-3.8.4\maven-repo\com\baomidou\mybatis-plus\3.4.2\mybatis-plus-3.4.2.jar;F:\apache-maven-3.8.4\maven-repo\org\springframework\boot\spring-boot-starter-jdbc\2.6.3\spring-boot-starter-jdbc-2.6.3.jar;F:\apache-maven-3.8.4\maven-repo\com\zaxxer\HikariCP\4.0.3\HikariCP-4.0.3.jar;F:\apache-maven-3.8.4\maven-repo\org\springframework\spring-jdbc\5.3.15\spring-jdbc-5.3.15.jar;F:\apache-maven-3.8.4\maven-repo\org\springframework\spring-tx\5.3.15\spring-tx-5.3.15.jar;F:\apache-maven-3.8.4\maven-repo\com\baomidou\mybatis-plus-generator\3.5.1\mybatis-plus-generator-3.5.1.jar;F:\apache-maven-3.8.4\maven-repo\io\springfox\springfox-boot-starter\3.0.0\springfox-boot-starter-3.0.0.jar;F:\apache-maven-3.8.4\maven-repo\io\springfox\springfox-oas\3.0.0\springfox-oas-3.0.0.jar;F:\apache-maven-3.8.4\maven-repo\io\swagger\core\v3\swagger-annotations\2.1.2\swagger-annotations-2.1.2.jar;F:\apache-maven-3.8.4\maven-repo\io\swagger\core\v3\swagger-models\2.1.2\swagger-models-2.1.2.jar;F:\apache-maven-3.8.4\maven-repo\io\springfox\springfox-spi\3.0.0\springfox-spi-3.0.0.jar;F:\apache-maven-3.8.4\maven-repo\io\springfox\springfox-schema\3.0.0\springfox-schema-3.0.0.jar;F:\apache-maven-3.8.4\maven-repo\io\springfox\springfox-core\3.0.0\springfox-core-3.0.0.jar;F:\apache-maven-3.8.4\maven-repo\io\springfox\springfox-spring-web\3.0.0\springfox-spring-web-3.0.0.jar;F:\apache-maven-3.8.4\maven-repo\io\github\classgraph\classgraph\4.8.83\classgraph-4.8.83.jar;F:\apache-maven-3.8.4\maven-repo\io\springfox\springfox-spring-webmvc\3.0.0\springfox-spring-webmvc-3.0.0.jar;F:\apache-maven-3.8.4\maven-repo\io\springfox\springfox-spring-webflux\3.0.0\springfox-spring-webflux-3.0.0.jar;F:\apache-maven-3.8.4\maven-repo\io\springfox\springfox-swagger-common\3.0.0\springfox-swagger-common-3.0.0.jar;F:\apache-maven-3.8.4\maven-repo\org\mapstruct\mapstruct\1.3.1.Final\mapstruct-1.3.1.Final.jar;F:\apache-maven-3.8.4\maven-repo\io\springfox\springfox-data-rest\3.0.0\springfox-data-rest-3.0.0.jar;F:\apache-maven-3.8.4\maven-repo\io\springfox\springfox-bean-validators\3.0.0\springfox-bean-validators-3.0.0.jar;F:\apache-maven-3.8.4\maven-repo\io\springfox\springfox-swagger2\3.0.0\springfox-swagger2-3.0.0.jar;F:\apache-maven-3.8.4\maven-repo\io\swagger\swagger-annotations\1.5.20\swagger-annotations-1.5.20.jar;F:\apache-maven-3.8.4\maven-repo\io\swagger\swagger-models\1.5.20\swagger-models-1.5.20.jar;F:\apache-maven-3.8.4\maven-repo\io\springfox\springfox-swagger-ui\3.0.0\springfox-swagger-ui-3.0.0.jar;F:\apache-maven-3.8.4\maven-repo\com\fasterxml\classmate\1.5.1\classmate-1.5.1.jar;F:\apache-maven-3.8.4\maven-repo\org\slf4j\slf4j-api\1.7.33\slf4j-api-1.7.33.jar;F:\apache-maven-3.8.4\maven-repo\org\springframework\plugin\spring-plugin-core\2.0.0.RELEASE\spring-plugin-core-2.0.0.RELEASE.jar;F:\apache-maven-3.8.4\maven-repo\org\springframework\plugin\spring-plugin-metadata\2.0.0.RELEASE\spring-plugin-metadata-2.0.0.RELEASE.jar;F:\apache-maven-3.8.4\maven-repo\org\apache\velocity\velocity\1.7\velocity-1.7.jar;F:\apache-maven-3.8.4\maven-repo\commons-collections\commons-collections\3.2.1\commons-collections-3.2.1.jar;F:\apache-maven-3.8.4\maven-repo\commons-lang\commons-lang\2.4\commons-lang-2.4.jar;F:\apache-maven-3.8.4\maven-repo\com\baomidou\mybatis-plus-extension\3.4.2\mybatis-plus-extension-3.4.2.jar;F:\apache-maven-3.8.4\maven-repo\com\baomidou\mybatis-plus-core\3.4.2\mybatis-plus-core-3.4.2.jar;F:\apache-maven-3.8.4\maven-repo\com\baomidou\mybatis-plus-annotation\3.4.2\mybatis-plus-annotation-3.4.2.jar;F:\apache-maven-3.8.4\maven-repo\com\github\jsqlparser\jsqlparser\4.0\jsqlparser-4.0.jar;F:\apache-maven-3.8.4\maven-repo\org\mybatis\mybatis\3.5.6\mybatis-3.5.6.jar;F:\apache-maven-3.8.4\maven-repo\org\mybatis\mybatis-spring\2.0.5\mybatis-spring-2.0.5.jar;"/>
    <property name="java.vm.vendor" value="Oracle Corporation"/>
    <property name="sun.arch.data.model" value="64"/>
    <property name="user.variant" value=""/>
    <property name="java.vendor.url" value="http://java.oracle.com/"/>
    <property name="user.timezone" value="Asia/Shanghai"/>
    <property name="java.vm.specification.version" value="1.8"/>
    <property name="os.name" value="Windows 10"/>
    <property name="user.country" value="CN"/>
    <property name="sun.java.launcher" value="SUN_STANDARD"/>
    <property name="sun.boot.library.path" value="F:\Java\jdk1.8.0_212\jre\bin"/>
    <property name="sun.java.command" value="C:\Users\Kylin\AppData\Local\Temp\surefire7180890609951398411\surefirebooter1160660304980566022.jar C:\Users\Kylin\AppData\Local\Temp\surefire7180890609951398411 2022-04-05T20-59-36_003-jvmRun1 surefire6616152235228179530tmp surefire_07028131133827422802tmp"/>
    <property name="surefire.test.class.path" value="F:\springBoot\target\test-classes;F:\springBoot\target\classes;F:\apache-maven-3.8.4\maven-repo\cn\hutool\hutool-all\5.7.21\hutool-all-5.7.21.jar;F:\apache-maven-3.8.4\maven-repo\org\springframework\boot\spring-boot-starter-thymeleaf\2.6.3\spring-boot-starter-thymeleaf-2.6.3.jar;F:\apache-maven-3.8.4\maven-repo\org\springframework\boot\spring-boot-starter\2.6.3\spring-boot-starter-2.6.3.jar;F:\apache-maven-3.8.4\maven-repo\org\springframework\boot\spring-boot-starter-logging\2.6.3\spring-boot-starter-logging-2.6.3.jar;F:\apache-maven-3.8.4\maven-repo\ch\qos\logback\logback-classic\1.2.10\logback-classic-1.2.10.jar;F:\apache-maven-3.8.4\maven-repo\ch\qos\logback\logback-core\1.2.10\logback-core-1.2.10.jar;F:\apache-maven-3.8.4\maven-repo\org\apache\logging\log4j\log4j-to-slf4j\2.17.1\log4j-to-slf4j-2.17.1.jar;F:\apache-maven-3.8.4\maven-repo\org\apache\logging\log4j\log4j-api\2.17.1\log4j-api-2.17.1.jar;F:\apache-maven-3.8.4\maven-repo\org\slf4j\jul-to-slf4j\1.7.33\jul-to-slf4j-1.7.33.jar;F:\apache-maven-3.8.4\maven-repo\jakarta\annotation\jakarta.annotation-api\1.3.5\jakarta.annotation-api-1.3.5.jar;F:\apache-maven-3.8.4\maven-repo\org\yaml\snakeyaml\1.29\snakeyaml-1.29.jar;F:\apache-maven-3.8.4\maven-repo\org\thymeleaf\thymeleaf-spring5\3.0.14.RELEASE\thymeleaf-spring5-3.0.14.RELEASE.jar;F:\apache-maven-3.8.4\maven-repo\org\thymeleaf\thymeleaf\3.0.14.RELEASE\thymeleaf-3.0.14.RELEASE.jar;F:\apache-maven-3.8.4\maven-repo\org\attoparser\attoparser\2.0.5.RELEASE\attoparser-2.0.5.RELEASE.jar;F:\apache-maven-3.8.4\maven-repo\org\unbescape\unbescape\1.1.6.RELEASE\unbescape-1.1.6.RELEASE.jar;F:\apache-maven-3.8.4\maven-repo\org\thymeleaf\extras\thymeleaf-extras-java8time\3.0.4.RELEASE\thymeleaf-extras-java8time-3.0.4.RELEASE.jar;F:\apache-maven-3.8.4\maven-repo\org\springframework\boot\spring-boot-starter-web\2.6.3\spring-boot-starter-web-2.6.3.jar;F:\apache-maven-3.8.4\maven-repo\org\springframework\boot\spring-boot-starter-json\2.6.3\spring-boot-starter-json-2.6.3.jar;F:\apache-maven-3.8.4\maven-repo\com\fasterxml\jackson\datatype\jackson-datatype-jdk8\2.13.1\jackson-datatype-jdk8-2.13.1.jar;F:\apache-maven-3.8.4\maven-repo\com\fasterxml\jackson\datatype\jackson-datatype-jsr310\2.13.1\jackson-datatype-jsr310-2.13.1.jar;F:\apache-maven-3.8.4\maven-repo\com\fasterxml\jackson\module\jackson-module-parameter-names\2.13.1\jackson-module-parameter-names-2.13.1.jar;F:\apache-maven-3.8.4\maven-repo\org\springframework\boot\spring-boot-starter-tomcat\2.6.3\spring-boot-starter-tomcat-2.6.3.jar;F:\apache-maven-3.8.4\maven-repo\org\apache\tomcat\embed\tomcat-embed-core\9.0.56\tomcat-embed-core-9.0.56.jar;F:\apache-maven-3.8.4\maven-repo\org\apache\tomcat\embed\tomcat-embed-el\9.0.56\tomcat-embed-el-9.0.56.jar;F:\apache-maven-3.8.4\maven-repo\org\apache\tomcat\embed\tomcat-embed-websocket\9.0.56\tomcat-embed-websocket-9.0.56.jar;F:\apache-maven-3.8.4\maven-repo\org\springframework\spring-web\5.3.15\spring-web-5.3.15.jar;F:\apache-maven-3.8.4\maven-repo\org\springframework\spring-beans\5.3.15\spring-beans-5.3.15.jar;F:\apache-maven-3.8.4\maven-repo\org\springframework\spring-webmvc\5.3.15\spring-webmvc-5.3.15.jar;F:\apache-maven-3.8.4\maven-repo\org\springframework\spring-aop\5.3.15\spring-aop-5.3.15.jar;F:\apache-maven-3.8.4\maven-repo\org\springframework\spring-context\5.3.15\spring-context-5.3.15.jar;F:\apache-maven-3.8.4\maven-repo\org\springframework\spring-expression\5.3.15\spring-expression-5.3.15.jar;F:\apache-maven-3.8.4\maven-repo\com\alibaba\druid\1.2.8\druid-1.2.8.jar;F:\apache-maven-3.8.4\maven-repo\org\apache\poi\poi-ooxml\4.1.2\poi-ooxml-4.1.2.jar;F:\apache-maven-3.8.4\maven-repo\org\apache\poi\poi\4.1.2\poi-4.1.2.jar;F:\apache-maven-3.8.4\maven-repo\commons-codec\commons-codec\1.15\commons-codec-1.15.jar;F:\apache-maven-3.8.4\maven-repo\org\apache\commons\commons-collections4\4.4\commons-collections4-4.4.jar;F:\apache-maven-3.8.4\maven-repo\org\apache\commons\commons-math3\3.6.1\commons-math3-3.6.1.jar;F:\apache-maven-3.8.4\maven-repo\com\zaxxer\SparseBitSet\1.2\SparseBitSet-1.2.jar;F:\apache-maven-3.8.4\maven-repo\org\apache\poi\poi-ooxml-schemas\4.1.2\poi-ooxml-schemas-4.1.2.jar;F:\apache-maven-3.8.4\maven-repo\org\apache\xmlbeans\xmlbeans\3.1.0\xmlbeans-3.1.0.jar;F:\apache-maven-3.8.4\maven-repo\org\apache\commons\commons-compress\1.19\commons-compress-1.19.jar;F:\apache-maven-3.8.4\maven-repo\com\github\virtuald\curvesapi\1.06\curvesapi-1.06.jar;F:\apache-maven-3.8.4\maven-repo\com\auth0\java-jwt\3.18.3\java-jwt-3.18.3.jar;F:\apache-maven-3.8.4\maven-repo\com\fasterxml\jackson\core\jackson-databind\2.13.1\jackson-databind-2.13.1.jar;F:\apache-maven-3.8.4\maven-repo\com\fasterxml\jackson\core\jackson-annotations\2.13.1\jackson-annotations-2.13.1.jar;F:\apache-maven-3.8.4\maven-repo\com\fasterxml\jackson\core\jackson-core\2.13.1\jackson-core-2.13.1.jar;F:\apache-maven-3.8.4\maven-repo\com\alipay\sdk\alipay-easysdk\2.2.0\alipay-easysdk-2.2.0.jar;F:\apache-maven-3.8.4\maven-repo\com\alipay\sdk\easysdk-kernel\1.0.8\easysdk-kernel-1.0.8.jar;F:\apache-maven-3.8.4\maven-repo\com\aliyun\tea\1.0.7\tea-1.0.7.jar;F:\apache-maven-3.8.4\maven-repo\com\squareup\okhttp3\okhttp\3.14.9\okhttp-3.14.9.jar;F:\apache-maven-3.8.4\maven-repo\com\squareup\okio\okio\1.17.2\okio-1.17.2.jar;F:\apache-maven-3.8.4\maven-repo\org\jacoco\org.jacoco.agent\0.8.4\org.jacoco.agent-0.8.4-runtime.jar;F:\apache-maven-3.8.4\maven-repo\com\google\guava\guava\28.1-jre\guava-28.1-jre.jar;F:\apache-maven-3.8.4\maven-repo\com\google\guava\failureaccess\1.0.1\failureaccess-1.0.1.jar;F:\apache-maven-3.8.4\maven-repo\com\google\guava\listenablefuture\9999.0-empty-to-avoid-conflict-with-guava\listenablefuture-9999.0-empty-to-avoid-conflict-with-guava.jar;F:\apache-maven-3.8.4\maven-repo\com\google\code\findbugs\jsr305\3.0.2\jsr305-3.0.2.jar;F:\apache-maven-3.8.4\maven-repo\org\checkerframework\checker-qual\2.8.1\checker-qual-2.8.1.jar;F:\apache-maven-3.8.4\maven-repo\com\google\errorprone\error_prone_annotations\2.3.2\error_prone_annotations-2.3.2.jar;F:\apache-maven-3.8.4\maven-repo\com\google\j2objc\j2objc-annotations\1.3\j2objc-annotations-1.3.jar;F:\apache-maven-3.8.4\maven-repo\org\codehaus\mojo\animal-sniffer-annotations\1.18\animal-sniffer-annotations-1.18.jar;F:\apache-maven-3.8.4\maven-repo\com\google\code\gson\gson\2.8.9\gson-2.8.9.jar;F:\apache-maven-3.8.4\maven-repo\org\bouncycastle\bcprov-jdk15on\1.64\bcprov-jdk15on-1.64.jar;F:\apache-maven-3.8.4\maven-repo\org\freemarker\freemarker\2.3.31\freemarker-2.3.31.jar;F:\apache-maven-3.8.4\maven-repo\org\springframework\boot\spring-boot-devtools\2.6.3\spring-boot-devtools-2.6.3.jar;F:\apache-maven-3.8.4\maven-repo\org\springframework\boot\spring-boot\2.6.3\spring-boot-2.6.3.jar;F:\apache-maven-3.8.4\maven-repo\org\springframework\boot\spring-boot-autoconfigure\2.6.3\spring-boot-autoconfigure-2.6.3.jar;F:\apache-maven-3.8.4\maven-repo\mysql\mysql-connector-java\8.0.28\mysql-connector-java-8.0.28.jar;F:\apache-maven-3.8.4\maven-repo\org\springframework\boot\spring-boot-configuration-processor\2.6.3\spring-boot-configuration-processor-2.6.3.jar;F:\apache-maven-3.8.4\maven-repo\org\projectlombok\lombok\1.18.22\lombok-1.18.22.jar;F:\apache-maven-3.8.4\maven-repo\org\springframework\boot\spring-boot-starter-test\2.6.3\spring-boot-starter-test-2.6.3.jar;F:\apache-maven-3.8.4\maven-repo\org\springframework\boot\spring-boot-test\2.6.3\spring-boot-test-2.6.3.jar;F:\apache-maven-3.8.4\maven-repo\org\springframework\boot\spring-boot-test-autoconfigure\2.6.3\spring-boot-test-autoconfigure-2.6.3.jar;F:\apache-maven-3.8.4\maven-repo\com\jayway\jsonpath\json-path\2.6.0\json-path-2.6.0.jar;F:\apache-maven-3.8.4\maven-repo\net\minidev\json-smart\2.4.7\json-smart-2.4.7.jar;F:\apache-maven-3.8.4\maven-repo\net\minidev\accessors-smart\2.4.7\accessors-smart-2.4.7.jar;F:\apache-maven-3.8.4\maven-repo\org\ow2\asm\asm\9.1\asm-9.1.jar;F:\apache-maven-3.8.4\maven-repo\jakarta\xml\bind\jakarta.xml.bind-api\2.3.3\jakarta.xml.bind-api-2.3.3.jar;F:\apache-maven-3.8.4\maven-repo\jakarta\activation\jakarta.activation-api\1.2.2\jakarta.activation-api-1.2.2.jar;F:\apache-maven-3.8.4\maven-repo\org\assertj\assertj-core\3.21.0\assertj-core-3.21.0.jar;F:\apache-maven-3.8.4\maven-repo\org\hamcrest\hamcrest\2.2\hamcrest-2.2.jar;F:\apache-maven-3.8.4\maven-repo\org\junit\jupiter\junit-jupiter\5.8.2\junit-jupiter-5.8.2.jar;F:\apache-maven-3.8.4\maven-repo\org\junit\jupiter\junit-jupiter-api\5.8.2\junit-jupiter-api-5.8.2.jar;F:\apache-maven-3.8.4\maven-repo\org\opentest4j\opentest4j\1.2.0\opentest4j-1.2.0.jar;F:\apache-maven-3.8.4\maven-repo\org\junit\platform\junit-platform-commons\1.8.2\junit-platform-commons-1.8.2.jar;F:\apache-maven-3.8.4\maven-repo\org\apiguardian\apiguardian-api\1.1.2\apiguardian-api-1.1.2.jar;F:\apache-maven-3.8.4\maven-repo\org\junit\jupiter\junit-jupiter-params\5.8.2\junit-jupiter-params-5.8.2.jar;F:\apache-maven-3.8.4\maven-repo\org\junit\jupiter\junit-jupiter-engine\5.8.2\junit-jupiter-engine-5.8.2.jar;F:\apache-maven-3.8.4\maven-repo\org\junit\platform\junit-platform-engine\1.8.2\junit-platform-engine-1.8.2.jar;F:\apache-maven-3.8.4\maven-repo\org\mockito\mockito-core\4.0.0\mockito-core-4.0.0.jar;F:\apache-maven-3.8.4\maven-repo\net\bytebuddy\byte-buddy\1.11.22\byte-buddy-1.11.22.jar;F:\apache-maven-3.8.4\maven-repo\net\bytebuddy\byte-buddy-agent\1.11.22\byte-buddy-agent-1.11.22.jar;F:\apache-maven-3.8.4\maven-repo\org\objenesis\objenesis\3.2\objenesis-3.2.jar;F:\apache-maven-3.8.4\maven-repo\org\mockito\mockito-junit-jupiter\4.0.0\mockito-junit-jupiter-4.0.0.jar;F:\apache-maven-3.8.4\maven-repo\org\skyscreamer\jsonassert\1.5.0\jsonassert-1.5.0.jar;F:\apache-maven-3.8.4\maven-repo\com\vaadin\external\google\android-json\0.0.20131108.vaadin1\android-json-0.0.20131108.vaadin1.jar;F:\apache-maven-3.8.4\maven-repo\org\springframework\spring-core\5.3.15\spring-core-5.3.15.jar;F:\apache-maven-3.8.4\maven-repo\org\springframework\spring-jcl\5.3.15\spring-jcl-5.3.15.jar;F:\apache-maven-3.8.4\maven-repo\org\springframework\spring-test\5.3.15\spring-test-5.3.15.jar;F:\apache-maven-3.8.4\maven-repo\org\xmlunit\xmlunit-core\2.8.4\xmlunit-core-2.8.4.jar;F:\apache-maven-3.8.4\maven-repo\com\baomidou\mybatis-plus-boot-starter\3.4.2\mybatis-plus-boot-starter-3.4.2.jar;F:\apache-maven-3.8.4\maven-repo\com\baomidou\mybatis-plus\3.4.2\mybatis-plus-3.4.2.jar;F:\apache-maven-3.8.4\maven-repo\org\springframework\boot\spring-boot-starter-jdbc\2.6.3\spring-boot-starter-jdbc-2.6.3.jar;F:\apache-maven-3.8.4\maven-repo\com\zaxxer\HikariCP\4.0.3\HikariCP-4.0.3.jar;F:\apache-maven-3.8.4\maven-repo\org\springframework\spring-jdbc\5.3.15\spring-jdbc-5.3.15.jar;F:\apache-maven-3.8.4\maven-repo\org\springframework\spring-tx\5.3.15\spring-tx-5.3.15.jar;F:\apache-maven-3.8.4\maven-repo\com\baomidou\mybatis-plus-generator\3.5.1\mybatis-plus-generator-3.5.1.jar;F:\apache-maven-3.8.4\maven-repo\io\springfox\springfox-boot-starter\3.0.0\springfox-boot-starter-3.0.0.jar;F:\apache-maven-3.8.4\maven-repo\io\springfox\springfox-oas\3.0.0\springfox-oas-3.0.0.jar;F:\apache-maven-3.8.4\maven-repo\io\swagger\core\v3\swagger-annotations\2.1.2\swagger-annotations-2.1.2.jar;F:\apache-maven-3.8.4\maven-repo\io\swagger\core\v3\swagger-models\2.1.2\swagger-models-2.1.2.jar;F:\apache-maven-3.8.4\maven-repo\io\springfox\springfox-spi\3.0.0\springfox-spi-3.0.0.jar;F:\apache-maven-3.8.4\maven-repo\io\springfox\springfox-schema\3.0.0\springfox-schema-3.0.0.jar;F:\apache-maven-3.8.4\maven-repo\io\springfox\springfox-core\3.0.0\springfox-core-3.0.0.jar;F:\apache-maven-3.8.4\maven-repo\io\springfox\springfox-spring-web\3.0.0\springfox-spring-web-3.0.0.jar;F:\apache-maven-3.8.4\maven-repo\io\github\classgraph\classgraph\4.8.83\classgraph-4.8.83.jar;F:\apache-maven-3.8.4\maven-repo\io\springfox\springfox-spring-webmvc\3.0.0\springfox-spring-webmvc-3.0.0.jar;F:\apache-maven-3.8.4\maven-repo\io\springfox\springfox-spring-webflux\3.0.0\springfox-spring-webflux-3.0.0.jar;F:\apache-maven-3.8.4\maven-repo\io\springfox\springfox-swagger-common\3.0.0\springfox-swagger-common-3.0.0.jar;F:\apache-maven-3.8.4\maven-repo\org\mapstruct\mapstruct\1.3.1.Final\mapstruct-1.3.1.Final.jar;F:\apache-maven-3.8.4\maven-repo\io\springfox\springfox-data-rest\3.0.0\springfox-data-rest-3.0.0.jar;F:\apache-maven-3.8.4\maven-repo\io\springfox\springfox-bean-validators\3.0.0\springfox-bean-validators-3.0.0.jar;F:\apache-maven-3.8.4\maven-repo\io\springfox\springfox-swagger2\3.0.0\springfox-swagger2-3.0.0.jar;F:\apache-maven-3.8.4\maven-repo\io\swagger\swagger-annotations\1.5.20\swagger-annotations-1.5.20.jar;F:\apache-maven-3.8.4\maven-repo\io\swagger\swagger-models\1.5.20\swagger-models-1.5.20.jar;F:\apache-maven-3.8.4\maven-repo\io\springfox\springfox-swagger-ui\3.0.0\springfox-swagger-ui-3.0.0.jar;F:\apache-maven-3.8.4\maven-repo\com\fasterxml\classmate\1.5.1\classmate-1.5.1.jar;F:\apache-maven-3.8.4\maven-repo\org\slf4j\slf4j-api\1.7.33\slf4j-api-1.7.33.jar;F:\apache-maven-3.8.4\maven-repo\org\springframework\plugin\spring-plugin-core\2.0.0.RELEASE\spring-plugin-core-2.0.0.RELEASE.jar;F:\apache-maven-3.8.4\maven-repo\org\springframework\plugin\spring-plugin-metadata\2.0.0.RELEASE\spring-plugin-metadata-2.0.0.RELEASE.jar;F:\apache-maven-3.8.4\maven-repo\org\apache\velocity\velocity\1.7\velocity-1.7.jar;F:\apache-maven-3.8.4\maven-repo\commons-collections\commons-collections\3.2.1\commons-collections-3.2.1.jar;F:\apache-maven-3.8.4\maven-repo\commons-lang\commons-lang\2.4\commons-lang-2.4.jar;F:\apache-maven-3.8.4\maven-repo\com\baomidou\mybatis-plus-extension\3.4.2\mybatis-plus-extension-3.4.2.jar;F:\apache-maven-3.8.4\maven-repo\com\baomidou\mybatis-plus-core\3.4.2\mybatis-plus-core-3.4.2.jar;F:\apache-maven-3.8.4\maven-repo\com\baomidou\mybatis-plus-annotation\3.4.2\mybatis-plus-annotation-3.4.2.jar;F:\apache-maven-3.8.4\maven-repo\com\github\jsqlparser\jsqlparser\4.0\jsqlparser-4.0.jar;F:\apache-maven-3.8.4\maven-repo\org\mybatis\mybatis\3.5.6\mybatis-3.5.6.jar;F:\apache-maven-3.8.4\maven-repo\org\mybatis\mybatis-spring\2.0.5\mybatis-spring-2.0.5.jar;"/>
    <property name="sun.cpu.endian" value="little"/>
    <property name="user.home" value="C:\Users\Kylin"/>
    <property name="user.language" value="zh"/>
    <property name="java.specification.vendor" value="Oracle Corporation"/>
    <property name="java.home" value="F:\Java\jdk1.8.0_212\jre"/>
    <property name="basedir" value="F:\springBoot"/>
    <property name="file.separator" value="\"/>
    <property name="line.separator" value="&#10;"/>
    <property name="java.vm.specification.vendor" value="Oracle Corporation"/>
    <property name="java.specification.name" value="Java Platform API Specification"/>
    <property name="java.awt.graphicsenv" value="sun.awt.Win32GraphicsEnvironment"/>
    <property name="surefire.real.class.path" value="C:\Users\Kylin\AppData\Local\Temp\surefire7180890609951398411\surefirebooter1160660304980566022.jar"/>
    <property name="sun.boot.class.path" value="F:\Java\jdk1.8.0_212\jre\lib\resources.jar;F:\Java\jdk1.8.0_212\jre\lib\rt.jar;F:\Java\jdk1.8.0_212\jre\lib\sunrsasign.jar;F:\Java\jdk1.8.0_212\jre\lib\jsse.jar;F:\Java\jdk1.8.0_212\jre\lib\jce.jar;F:\Java\jdk1.8.0_212\jre\lib\charsets.jar;F:\Java\jdk1.8.0_212\jre\lib\jfr.jar;F:\Java\jdk1.8.0_212\jre\classes"/>
    <property name="user.script" value=""/>
    <property name="sun.management.compiler" value="HotSpot 64-Bit Tiered Compilers"/>
    <property name="java.runtime.version" value="1.8.0_212-b10"/>
    <property name="user.name" value="Kylin"/>
    <property name="path.separator" value=";"/>
    <property name="os.version" value="10.0"/>
    <property name="java.endorsed.dirs" value="F:\Java\jdk1.8.0_212\jre\lib\endorsed"/>
    <property name="java.runtime.name" value="Java(TM) SE Runtime Environment"/>
    <property name="file.encoding" value="GBK"/>
    <property name="java.vm.name" value="Java HotSpot(TM) 64-Bit Server VM"/>
    <property name="localRepository" value="F:\apache-maven-3.8.4\maven-repo"/>
    <property name="java.vendor.url.bug" value="http://bugreport.sun.com/bugreport/"/>
    <property name="java.io.tmpdir" value="C:\Users\Kylin\AppData\Local\Temp\"/>
    <property name="idea.version" value="2021.2.1"/>
    <property name="java.version" value="1.8.0_212"/>
    <property name="user.dir" value="F:\springBoot"/>
    <property name="os.arch" value="amd64"/>
    <property name="java.vm.specification.name" value="Java Virtual Machine Specification"/>
    <property name="java.awt.printerjob" value="sun.awt.windows.WPrinterJob"/>
    <property name="sun.os.patch.level" value=""/>
    <property name="java.library.path" value="F:\Java\jdk1.8.0_212\jre\bin;C:\WINDOWS\Sun\Java\bin;C:\WINDOWS\system32;C:\WINDOWS;&quot;C:\Program Files (x86)\Intel\Intel(R) Management Engine Components\iCLS\;F:\java\jdk1.8.0_212\bin;F:\java\jdk1.8.0_212\jre\bin&quot;;C:\Program Files\Intel\Intel(R) Management Engine Components\iCLS\;C:\Windows\system32;C:\Windows;C:\Windows\System32\Wbem;C:\Windows\System32\WindowsPowerShell\v1.0\;C:\Program Files (x86)\Intel\Intel(R) Management Engine Components\DAL;C:\Program Files\Intel\Intel(R) Management Engine Components\DAL;C:\Program Files (x86)\Intel\Intel(R) Management Engine Components\IPT;C:\Program Files\Intel\Intel(R) Management Engine Components\IPT;C:\Program Files (x86)\NVIDIA Corporation\PhysX\Common;C:\Program Files\Common Files\Autodesk Shared\;C:\WINDOWS\system32;C:\WINDOWS;C:\WINDOWS\System32\Wbem;C:\WINDOWS\System32\WindowsPowerShell\v1.0\;C:\WINDOWS\System32\OpenSSH\;C:\Program Files\Intel\WiFi\bin\;C:\Program Files\Common Files\Intel\WirelessCommon\;C:\Program Files\MySQL\MySQL Server 8.0\bin;D:\apache-tomcat-10.0.14\bin;D:\apache-tomcat-10.0.14\bin;D:\apache-tomcat-10.0.14\lib;F:\idea\IntelliJ IDEA 2021.2.1\plugins\maven\lib\maven3\bin;F:\java\jdk1.8.0_212\bin;F:\java\jdk1.8.0_212\jre\bin;F:\node\;%NODE_PATH;F:\Develop\node_global;C:\Users\Kylin\AppData\Local\Microsoft\WindowsApps;;D:\Microsoft VS Code\bin;C:\Users\Kylin\AppData\Roaming\npm;."/>
    <property name="java.vm.info" value="mixed mode"/>
    <property name="java.vendor" value="Oracle Corporation"/>
    <property name="java.vm.version" value="25.212-b10"/>
    <property name="java.ext.dirs" value="F:\Java\jdk1.8.0_212\jre\lib\ext;C:\WINDOWS\Sun\Java\lib\ext"/>
    <property name="sun.io.unicode.encoding" value="UnicodeLittle"/>
    <property name="java.class.version" value="52.0"/>
  </properties>
  <testcase name="contextLoads" classname="com.yxh.springboot.ApplicationTests" time="0.072">
    <error message="Failed to load ApplicationContext" type="java.lang.IllegalStateException">java.lang.IllegalStateException: Failed to load ApplicationContext
Caused by: org.springframework.beans.factory.BeanCreationException: Error creating bean with name 'newsController': Injection of resource dependencies failed; nested exception is org.springframework.beans.factory.BeanNotOfRequiredTypeException: Bean named 'newsService' is expected to be of type 'com.yxh.springboot.service.impl.NewsServiceImpl' but was actually of type 'com.sun.proxy.$Proxy107'
Caused by: org.springframework.beans.factory.BeanNotOfRequiredTypeException: Bean named 'newsService' is expected to be of type 'com.yxh.springboot.service.impl.NewsServiceImpl' but was actually of type 'com.sun.proxy.$Proxy107'
</error>
    <system-out><![CDATA[20:59:41.114 [main] DEBUG org.springframework.test.context.BootstrapUtils - Instantiating CacheAwareContextLoaderDelegate from class [org.springframework.test.context.cache.DefaultCacheAwareContextLoaderDelegate]
20:59:41.132 [main] DEBUG org.springframework.test.context.BootstrapUtils - Instantiating BootstrapContext using constructor [public org.springframework.test.context.support.DefaultBootstrapContext(java.lang.Class,org.springframework.test.context.CacheAwareContextLoaderDelegate)]
20:59:41.195 [main] DEBUG org.springframework.test.context.BootstrapUtils - Instantiating TestContextBootstrapper for test class [com.yxh.springboot.ApplicationTests] from class [org.springframework.boot.test.context.SpringBootTestContextBootstrapper]
20:59:41.226 [main] INFO org.springframework.boot.test.context.SpringBootTestContextBootstrapper - Neither @ContextConfiguration nor @ContextHierarchy found for test class [com.yxh.springboot.ApplicationTests], using SpringBootContextLoader
20:59:41.251 [main] DEBUG org.springframework.test.context.support.AbstractContextLoader - Did not detect default resource location for test class [com.yxh.springboot.ApplicationTests]: class path resource [com/yxh/springboot/ApplicationTests-context.xml] does not exist
20:59:41.252 [main] DEBUG org.springframework.test.context.support.AbstractContextLoader - Did not detect default resource location for test class [com.yxh.springboot.ApplicationTests]: class path resource [com/yxh/springboot/ApplicationTestsContext.groovy] does not exist
20:59:41.252 [main] INFO org.springframework.test.context.support.AbstractContextLoader - Could not detect default resource locations for test class [com.yxh.springboot.ApplicationTests]: no resource found for suffixes {-context.xml, Context.groovy}.
20:59:41.254 [main] INFO org.springframework.test.context.support.AnnotationConfigContextLoaderUtils - Could not detect default configuration classes for test class [com.yxh.springboot.ApplicationTests]: ApplicationTests does not declare any static, non-private, non-final, nested classes annotated with @Configuration.
20:59:41.375 [main] DEBUG org.springframework.test.context.support.ActiveProfilesUtils - Could not find an 'annotation declaring class' for annotation type [org.springframework.test.context.ActiveProfiles] and class [com.yxh.springboot.ApplicationTests]
20:59:41.622 [main] DEBUG org.springframework.context.annotation.ClassPathScanningCandidateComponentProvider - Identified candidate component class: file [F:\springBoot\target\classes\com\yxh\springboot\Application.class]
20:59:41.627 [main] INFO org.springframework.boot.test.context.SpringBootTestContextBootstrapper - Found @SpringBootConfiguration com.yxh.springboot.Application for test class com.yxh.springboot.ApplicationTests
20:59:41.917 [main] DEBUG org.springframework.boot.test.context.SpringBootTestContextBootstrapper - @TestExecutionListeners is not present for class [com.yxh.springboot.ApplicationTests]: using defaults.
20:59:41.917 [main] INFO org.springframework.boot.test.context.SpringBootTestContextBootstrapper - Loaded default TestExecutionListener class names from location [META-INF/spring.factories]: [org.springframework.boot.test.mock.mockito.MockitoTestExecutionListener, org.springframework.boot.test.mock.mockito.ResetMocksTestExecutionListener, org.springframework.boot.test.autoconfigure.restdocs.RestDocsTestExecutionListener, org.springframework.boot.test.autoconfigure.web.client.MockRestServiceServerResetTestExecutionListener, org.springframework.boot.test.autoconfigure.web.servlet.MockMvcPrintOnlyOnFailureTestExecutionListener, org.springframework.boot.test.autoconfigure.web.servlet.WebDriverTestExecutionListener, org.springframework.boot.test.autoconfigure.webservices.client.MockWebServiceServerTestExecutionListener, org.springframework.test.context.web.ServletTestExecutionListener, org.springframework.test.context.support.DirtiesContextBeforeModesTestExecutionListener, org.springframework.test.context.event.ApplicationEventsTestExecutionListener, org.springframework.test.context.support.DependencyInjectionTestExecutionListener, org.springframework.test.context.support.DirtiesContextTestExecutionListener, org.springframework.test.context.transaction.TransactionalTestExecutionListener, org.springframework.test.context.jdbc.SqlScriptsTestExecutionListener, org.springframework.test.context.event.EventPublishingTestExecutionListener]
20:59:41.949 [main] INFO org.springframework.boot.test.context.SpringBootTestContextBootstrapper - Using TestExecutionListeners: [org.springframework.test.context.web.ServletTestExecutionListener@30f842ca, org.springframework.test.context.support.DirtiesContextBeforeModesTestExecutionListener@69c81773, org.springframework.test.context.event.ApplicationEventsTestExecutionListener@4d14b6c2, org.springframework.boot.test.mock.mockito.MockitoTestExecutionListener@7e990ed7, org.springframework.boot.test.autoconfigure.SpringBootDependencyInjectionTestExecutionListener@c05fddc, org.springframework.test.context.support.DirtiesContextTestExecutionListener@25df00a0, org.springframework.test.context.transaction.TransactionalTestExecutionListener@4d15107f, org.springframework.test.context.jdbc.SqlScriptsTestExecutionListener@7b4c50bc, org.springframework.test.context.event.EventPublishingTestExecutionListener@5884a914, org.springframework.boot.test.mock.mockito.ResetMocksTestExecutionListener@50378a4, org.springframework.boot.test.autoconfigure.restdocs.RestDocsTestExecutionListener@60f00693, org.springframework.boot.test.autoconfigure.web.client.MockRestServiceServerResetTestExecutionListener@79207381, org.springframework.boot.test.autoconfigure.web.servlet.MockMvcPrintOnlyOnFailureTestExecutionListener@491b9b8, org.springframework.boot.test.autoconfigure.web.servlet.WebDriverTestExecutionListener@1a4927d6, org.springframework.boot.test.autoconfigure.webservices.client.MockWebServiceServerTestExecutionListener@7a6d7e92]
20:59:41.957 [main] DEBUG org.springframework.test.context.support.AbstractDirtiesContextTestExecutionListener - Before test class: context [DefaultTestContext@6f15d60e testClass = ApplicationTests, testInstance = [null], testMethod = [null], testException = [null], mergedContextConfiguration = [WebMergedContextConfiguration@1be2019a testClass = ApplicationTests, locations = '{}', classes = '{class com.yxh.springboot.Application}', contextInitializerClasses = '[]', activeProfiles = '{}', propertySourceLocations = '{}', propertySourceProperties = '{org.springframework.boot.test.context.SpringBootTestContextBootstrapper=true}', contextCustomizers = set[[ImportsContextCustomizer@29d80d2b key = [@org.springframework.context.annotation.Import(value=[class org.mybatis.spring.annotation.MapperScannerRegistrar]), @org.springframework.boot.test.context.SpringBootTest(args=[], webEnvironment=MOCK, value=[], properties=[], classes=[]), @org.mybatis.spring.annotation.MapperScan(sqlSessionFactoryRef=, sqlSessionTemplateRef=, lazyInitialization=, annotationClass=interface java.lang.annotation.Annotation, basePackageClasses=[], nameGenerator=interface org.springframework.beans.factory.support.BeanNameGenerator, markerInterface=class java.lang.Class, basePackages=[], value=[], factoryBean=class org.mybatis.spring.mapper.MapperFactoryBean), @org.springframework.test.context.BootstrapWith(value=class org.springframework.boot.test.context.SpringBootTestContextBootstrapper)]], org.springframework.boot.test.context.filter.ExcludeFilterContextCustomizer@4afcd809, org.springframework.boot.test.json.DuplicateJsonObjectContextCustomizerFactory$DuplicateJsonObjectContextCustomizer@5b7a5baa, org.springframework.boot.test.mock.mockito.MockitoContextCustomizer@0, org.springframework.boot.test.web.client.TestRestTemplateContextCustomizer@3b69e7d1, org.springframework.boot.test.autoconfigure.actuate.metrics.MetricsExportContextCustomizerFactory$DisableMetricExportContextCustomizer@dd05255, org.springframework.boot.test.autoconfigure.properties.PropertyMappingContextCustomizer@0, org.springframework.boot.test.autoconfigure.web.servlet.WebDriverContextCustomizerFactory$Customizer@3b0090a4, org.springframework.boot.test.context.SpringBootTestArgs@1, org.springframework.boot.test.context.SpringBootTestWebEnvironment@21213b92], resourceBasePath = 'src/main/webapp', contextLoader = 'org.springframework.boot.test.context.SpringBootContextLoader', parent = [null]], attributes = map['org.springframework.test.context.web.ServletTestExecutionListener.activateListener' -> true]], class annotated with @DirtiesContext [false] with mode [null].

  .   ____          _            __ _ _
 /\\ / ___'_ __ _ _(_)_ __  __ _ \ \ \ \
( ( )\___ | '_ | '_| | '_ \/ _` | \ \ \ \
 \\/  ___)| |_)| | | | | || (_| |  ) ) ) )
  '  |____| .__|_| |_|_| |_\__, | / / / /
 =========|_|==============|___/=/_/_/_/
 :: Spring Boot ::                (v2.6.3)

2022-04-05 20:59:42.894  INFO 6852 --- [           main] com.yxh.springboot.ApplicationTests      : Starting ApplicationTests using Java 1.8.0_212 on DESKTOP-IV2SJ6F with PID 6852 (started by Kylin in F:\springBoot)
2022-04-05 20:59:42.907  INFO 6852 --- [           main] com.yxh.springboot.ApplicationTests      : No active profile set, falling back to default profiles: default
2022-04-05 20:59:45.354  WARN 6852 --- [           main] o.m.s.mapper.ClassPathMapperScanner      : Skipping MapperFactoryBean with name 'businessMapper' and 'com.yxh.springboot.mapper.BusinessMapper' mapperInterface. Bean already defined with the same name!
2022-04-05 20:59:45.354  WARN 6852 --- [           main] o.m.s.mapper.ClassPathMapperScanner      : Skipping MapperFactoryBean with name 'dictMapper' and 'com.yxh.springboot.mapper.DictMapper' mapperInterface. Bean already defined with the same name!
2022-04-05 20:59:45.354  WARN 6852 --- [           main] o.m.s.mapper.ClassPathMapperScanner      : Skipping MapperFactoryBean with name 'drugMapper' and 'com.yxh.springboot.mapper.DrugMapper' mapperInterface. Bean already defined with the same name!
2022-04-05 20:59:45.355  WARN 6852 --- [           main] o.m.s.mapper.ClassPathMapperScanner      : Skipping MapperFactoryBean with name 'inMapper' and 'com.yxh.springboot.mapper.InMapper' mapperInterface. Bean already defined with the same name!
2022-04-05 20:59:45.356  WARN 6852 --- [           main] o.m.s.mapper.ClassPathMapperScanner      : Skipping MapperFactoryBean with name 'menuMapper' and 'com.yxh.springboot.mapper.MenuMapper' mapperInterface. Bean already defined with the same name!
2022-04-05 20:59:45.356  WARN 6852 --- [           main] o.m.s.mapper.ClassPathMapperScanner      : Skipping MapperFactoryBean with name 'newsMapper' and 'com.yxh.springboot.mapper.NewsMapper' mapperInterface. Bean already defined with the same name!
2022-04-05 20:59:45.357  WARN 6852 --- [           main] o.m.s.mapper.ClassPathMapperScanner      : Skipping MapperFactoryBean with name 'orderMapper' and 'com.yxh.springboot.mapper.OrderMapper' mapperInterface. Bean already defined with the same name!
2022-04-05 20:59:45.357  WARN 6852 --- [           main] o.m.s.mapper.ClassPathMapperScanner      : Skipping MapperFactoryBean with name 'outMapper' and 'com.yxh.springboot.mapper.OutMapper' mapperInterface. Bean already defined with the same name!
2022-04-05 20:59:45.358  WARN 6852 --- [           main] o.m.s.mapper.ClassPathMapperScanner      : Skipping MapperFactoryBean with name 'roleMapper' and 'com.yxh.springboot.mapper.RoleMapper' mapperInterface. Bean already defined with the same name!
2022-04-05 20:59:45.358  WARN 6852 --- [           main] o.m.s.mapper.ClassPathMapperScanner      : Skipping MapperFactoryBean with name 'rolemenuMapper' and 'com.yxh.springboot.mapper.RolemenuMapper' mapperInterface. Bean already defined with the same name!
2022-04-05 20:59:45.358  WARN 6852 --- [           main] o.m.s.mapper.ClassPathMapperScanner      : Skipping MapperFactoryBean with name 'userMapper' and 'com.yxh.springboot.mapper.UserMapper' mapperInterface. Bean already defined with the same name!
2022-04-05 20:59:45.360  WARN 6852 --- [           main] o.m.s.mapper.ClassPathMapperScanner      : Skipping MapperFactoryBean with name 'wareMapper' and 'com.yxh.springboot.mapper.WareMapper' mapperInterface. Bean already defined with the same name!
2022-04-05 20:59:45.361  WARN 6852 --- [           main] o.m.s.mapper.ClassPathMapperScanner      : No MyBatis mapper was found in '[com.yxh.springboot.mapper]' package. Please check your configuration.
=======支付宝SDK初始化成功=======
Logging initialized using 'class org.apache.ibatis.logging.stdout.StdOutImpl' adapter.
Registered plugin: 'com.baomidou.mybatisplus.extension.plugins.MybatisPlusInterceptor@5922d3e9'
Property 'mapperLocations' was not specified.
 _ _   |_  _ _|_. ___ _ |    _ 
| | |\/|_)(_| | |_\  |_)||_|_\ 
     /               |         
                        3.4.2 
2022-04-05 20:59:49.881  WARN 6852 --- [           main] o.s.w.c.s.GenericWebApplicationContext   : Exception encountered during context initialization - cancelling refresh attempt: org.springframework.beans.factory.BeanCreationException: Error creating bean with name 'newsController': Injection of resource dependencies failed; nested exception is org.springframework.beans.factory.BeanNotOfRequiredTypeException: Bean named 'newsService' is expected to be of type 'com.yxh.springboot.service.impl.NewsServiceImpl' but was actually of type 'com.sun.proxy.$Proxy107'
2022-04-05 20:59:49.896  INFO 6852 --- [           main] ConditionEvaluationReportLoggingListener : 

Error starting ApplicationContext. To display the conditions report re-run your application with 'debug' enabled.
2022-04-05 20:59:49.984 ERROR 6852 --- [           main] o.s.b.d.LoggingFailureAnalysisReporter   : 

***************************
APPLICATION FAILED TO START
***************************

Description:

The bean 'newsService' could not be injected because it is a JDK dynamic proxy

The bean is of type 'com.sun.proxy.$Proxy107' and implements:
	com.yxh.springboot.service.NewsService
	org.springframework.aop.SpringProxy
	org.springframework.aop.framework.Advised
	org.springframework.core.DecoratingProxy

Expected a bean of type 'com.yxh.springboot.service.impl.NewsServiceImpl' which implements:
	com.yxh.springboot.service.NewsService


Action:

Consider injecting the bean as one of its interfaces or forcing the use of CGLib-based proxies by setting proxyTargetClass=true on @EnableAsync and/or @EnableCaching.

2022-04-05 20:59:50.050 ERROR 6852 --- [           main] o.s.test.context.TestContextManager      : Caught exception while allowing TestExecutionListener [org.springframework.test.context.web.ServletTestExecutionListener@30f842ca] to prepare test instance [com.yxh.springboot.ApplicationTests@60e06f7d]

java.lang.IllegalStateException: Failed to load ApplicationContext
	at org.springframework.test.context.cache.DefaultCacheAwareContextLoaderDelegate.loadContext(DefaultCacheAwareContextLoaderDelegate.java:132) ~[spring-test-5.3.15.jar:5.3.15]
	at org.springframework.test.context.support.DefaultTestContext.getApplicationContext(DefaultTestContext.java:124) ~[spring-test-5.3.15.jar:5.3.15]
	at org.springframework.test.context.web.ServletTestExecutionListener.setUpRequestContextIfNecessary(ServletTestExecutionListener.java:190) ~[spring-test-5.3.15.jar:5.3.15]
	at org.springframework.test.context.web.ServletTestExecutionListener.prepareTestInstance(ServletTestExecutionListener.java:132) ~[spring-test-5.3.15.jar:5.3.15]
	at org.springframework.test.context.TestContextManager.prepareTestInstance(TestContextManager.java:248) ~[spring-test-5.3.15.jar:5.3.15]
	at org.springframework.test.context.junit.jupiter.SpringExtension.postProcessTestInstance(SpringExtension.java:138) [spring-test-5.3.15.jar:5.3.15]
	at org.junit.jupiter.engine.descriptor.ClassBasedTestDescriptor.lambda$invokeTestInstancePostProcessors$8(ClassBasedTestDescriptor.java:363) [junit-jupiter-engine-5.8.2.jar:5.8.2]
	at org.junit.jupiter.engine.descriptor.ClassBasedTestDescriptor.executeAndMaskThrowable(ClassBasedTestDescriptor.java:368) [junit-jupiter-engine-5.8.2.jar:5.8.2]
	at org.junit.jupiter.engine.descriptor.ClassBasedTestDescriptor.lambda$invokeTestInstancePostProcessors$9(ClassBasedTestDescriptor.java:363) [junit-jupiter-engine-5.8.2.jar:5.8.2]
	at java.util.stream.ReferencePipeline$3$1.accept(ReferencePipeline.java:193) ~[na:1.8.0_212]
	at java.util.stream.ReferencePipeline$2$1.accept(ReferencePipeline.java:175) ~[na:1.8.0_212]
	at java.util.ArrayList$ArrayListSpliterator.forEachRemaining(ArrayList.java:1382) ~[na:1.8.0_212]
	at java.util.stream.AbstractPipeline.copyInto(AbstractPipeline.java:481) ~[na:1.8.0_212]
	at java.util.stream.AbstractPipeline.wrapAndCopyInto(AbstractPipeline.java:471) ~[na:1.8.0_212]
	at java.util.stream.StreamSpliterators$WrappingSpliterator.forEachRemaining(StreamSpliterators.java:312) ~[na:1.8.0_212]
	at java.util.stream.Streams$ConcatSpliterator.forEachRemaining(Streams.java:743) ~[na:1.8.0_212]
	at java.util.stream.Streams$ConcatSpliterator.forEachRemaining(Streams.java:742) ~[na:1.8.0_212]
	at java.util.stream.ReferencePipeline$Head.forEach(ReferencePipeline.java:580) ~[na:1.8.0_212]
	at org.junit.jupiter.engine.descriptor.ClassBasedTestDescriptor.invokeTestInstancePostProcessors(ClassBasedTestDescriptor.java:362) [junit-jupiter-engine-5.8.2.jar:5.8.2]
	at org.junit.jupiter.engine.descriptor.ClassBasedTestDescriptor.lambda$instantiateAndPostProcessTestInstance$6(ClassBasedTestDescriptor.java:283) [junit-jupiter-engine-5.8.2.jar:5.8.2]
	at org.junit.platform.engine.support.hierarchical.ThrowableCollector.execute(ThrowableCollector.java:73) ~[junit-platform-engine-1.8.2.jar:1.8.2]
	at org.junit.jupiter.engine.descriptor.ClassBasedTestDescriptor.instantiateAndPostProcessTestInstance(ClassBasedTestDescriptor.java:282) [junit-jupiter-engine-5.8.2.jar:5.8.2]
	at org.junit.jupiter.engine.descriptor.ClassBasedTestDescriptor.lambda$testInstancesProvider$4(ClassBasedTestDescriptor.java:272) [junit-jupiter-engine-5.8.2.jar:5.8.2]
	at java.util.Optional.orElseGet(Optional.java:267) ~[na:1.8.0_212]
	at org.junit.jupiter.engine.descriptor.ClassBasedTestDescriptor.lambda$testInstancesProvider$5(ClassBasedTestDescriptor.java:271) [junit-jupiter-engine-5.8.2.jar:5.8.2]
	at org.junit.jupiter.engine.execution.TestInstancesProvider.getTestInstances(TestInstancesProvider.java:31) ~[junit-jupiter-engine-5.8.2.jar:5.8.2]
	at org.junit.jupiter.engine.descriptor.TestMethodTestDescriptor.lambda$prepare$0(TestMethodTestDescriptor.java:102) ~[junit-jupiter-engine-5.8.2.jar:5.8.2]
	at org.junit.platform.engine.support.hierarchical.ThrowableCollector.execute(ThrowableCollector.java:73) ~[junit-platform-engine-1.8.2.jar:1.8.2]
	at org.junit.jupiter.engine.descriptor.TestMethodTestDescriptor.prepare(TestMethodTestDescriptor.java:101) ~[junit-jupiter-engine-5.8.2.jar:5.8.2]
	at org.junit.jupiter.engine.descriptor.TestMethodTestDescriptor.prepare(TestMethodTestDescriptor.java:66) ~[junit-jupiter-engine-5.8.2.jar:5.8.2]
	at org.junit.platform.engine.support.hierarchical.NodeTestTask.lambda$prepare$2(NodeTestTask.java:123) ~[junit-platform-engine-1.8.2.jar:1.8.2]
	at org.junit.platform.engine.support.hierarchical.ThrowableCollector.execute(ThrowableCollector.java:73) ~[junit-platform-engine-1.8.2.jar:1.8.2]
	at org.junit.platform.engine.support.hierarchical.NodeTestTask.prepare(NodeTestTask.java:123) ~[junit-platform-engine-1.8.2.jar:1.8.2]
	at org.junit.platform.engine.support.hierarchical.NodeTestTask.execute(NodeTestTask.java:90) ~[junit-platform-engine-1.8.2.jar:1.8.2]
	at java.util.ArrayList.forEach(ArrayList.java:1257) ~[na:1.8.0_212]
	at org.junit.platform.engine.support.hierarchical.SameThreadHierarchicalTestExecutorService.invokeAll(SameThreadHierarchicalTestExecutorService.java:41) ~[junit-platform-engine-1.8.2.jar:1.8.2]
	at org.junit.platform.engine.support.hierarchical.NodeTestTask.lambda$executeRecursively$6(NodeTestTask.java:155) ~[junit-platform-engine-1.8.2.jar:1.8.2]
	at org.junit.platform.engine.support.hierarchical.ThrowableCollector.execute(ThrowableCollector.java:73) ~[junit-platform-engine-1.8.2.jar:1.8.2]
	at org.junit.platform.engine.support.hierarchical.NodeTestTask.lambda$executeRecursively$8(NodeTestTask.java:141) ~[junit-platform-engine-1.8.2.jar:1.8.2]
	at org.junit.platform.engine.support.hierarchical.Node.around(Node.java:137) ~[junit-platform-engine-1.8.2.jar:1.8.2]
	at org.junit.platform.engine.support.hierarchical.NodeTestTask.lambda$executeRecursively$9(NodeTestTask.java:139) ~[junit-platform-engine-1.8.2.jar:1.8.2]
	at org.junit.platform.engine.support.hierarchical.ThrowableCollector.execute(ThrowableCollector.java:73) ~[junit-platform-engine-1.8.2.jar:1.8.2]
	at org.junit.platform.engine.support.hierarchical.NodeTestTask.executeRecursively(NodeTestTask.java:138) ~[junit-platform-engine-1.8.2.jar:1.8.2]
	at org.junit.platform.engine.support.hierarchical.NodeTestTask.execute(NodeTestTask.java:95) ~[junit-platform-engine-1.8.2.jar:1.8.2]
	at java.util.ArrayList.forEach(ArrayList.java:1257) ~[na:1.8.0_212]
	at org.junit.platform.engine.support.hierarchical.SameThreadHierarchicalTestExecutorService.invokeAll(SameThreadHierarchicalTestExecutorService.java:41) ~[junit-platform-engine-1.8.2.jar:1.8.2]
	at org.junit.platform.engine.support.hierarchical.NodeTestTask.lambda$executeRecursively$6(NodeTestTask.java:155) ~[junit-platform-engine-1.8.2.jar:1.8.2]
	at org.junit.platform.engine.support.hierarchical.ThrowableCollector.execute(ThrowableCollector.java:73) ~[junit-platform-engine-1.8.2.jar:1.8.2]
	at org.junit.platform.engine.support.hierarchical.NodeTestTask.lambda$executeRecursively$8(NodeTestTask.java:141) ~[junit-platform-engine-1.8.2.jar:1.8.2]
	at org.junit.platform.engine.support.hierarchical.Node.around(Node.java:137) ~[junit-platform-engine-1.8.2.jar:1.8.2]
	at org.junit.platform.engine.support.hierarchical.NodeTestTask.lambda$executeRecursively$9(NodeTestTask.java:139) ~[junit-platform-engine-1.8.2.jar:1.8.2]
	at org.junit.platform.engine.support.hierarchical.ThrowableCollector.execute(ThrowableCollector.java:73) ~[junit-platform-engine-1.8.2.jar:1.8.2]
	at org.junit.platform.engine.support.hierarchical.NodeTestTask.executeRecursively(NodeTestTask.java:138) ~[junit-platform-engine-1.8.2.jar:1.8.2]
	at org.junit.platform.engine.support.hierarchical.NodeTestTask.execute(NodeTestTask.java:95) ~[junit-platform-engine-1.8.2.jar:1.8.2]
	at org.junit.platform.engine.support.hierarchical.SameThreadHierarchicalTestExecutorService.submit(SameThreadHierarchicalTestExecutorService.java:35) ~[junit-platform-engine-1.8.2.jar:1.8.2]
	at org.junit.platform.engine.support.hierarchical.HierarchicalTestExecutor.execute(HierarchicalTestExecutor.java:57) ~[junit-platform-engine-1.8.2.jar:1.8.2]
	at org.junit.platform.engine.support.hierarchical.HierarchicalTestEngine.execute(HierarchicalTestEngine.java:54) ~[junit-platform-engine-1.8.2.jar:1.8.2]
	at org.junit.platform.launcher.core.DefaultLauncher.execute(DefaultLauncher.java:220) ~[junit-platform-launcher-1.3.1.jar:1.3.1]
	at org.junit.platform.launcher.core.DefaultLauncher.lambda$execute$6(DefaultLauncher.java:188) ~[junit-platform-launcher-1.3.1.jar:1.3.1]
	at org.junit.platform.launcher.core.DefaultLauncher.withInterceptedStreams(DefaultLauncher.java:202) ~[junit-platform-launcher-1.3.1.jar:1.3.1]
	at org.junit.platform.launcher.core.DefaultLauncher.execute(DefaultLauncher.java:181) ~[junit-platform-launcher-1.3.1.jar:1.3.1]
	at org.junit.platform.launcher.core.DefaultLauncher.execute(DefaultLauncher.java:128) ~[junit-platform-launcher-1.3.1.jar:1.3.1]
	at org.apache.maven.surefire.junitplatform.JUnitPlatformProvider.invokeAllTests(JUnitPlatformProvider.java:150) ~[surefire-junit-platform-2.22.2.jar:2.22.2]
	at org.apache.maven.surefire.junitplatform.JUnitPlatformProvider.invoke(JUnitPlatformProvider.java:124) ~[surefire-junit-platform-2.22.2.jar:2.22.2]
	at org.apache.maven.surefire.booter.ForkedBooter.invokeProviderInSameClassLoader(ForkedBooter.java:384) ~[surefire-booter-2.22.2.jar:2.22.2]
	at org.apache.maven.surefire.booter.ForkedBooter.runSuitesInProcess(ForkedBooter.java:345) ~[surefire-booter-2.22.2.jar:2.22.2]
	at org.apache.maven.surefire.booter.ForkedBooter.execute(ForkedBooter.java:126) ~[surefire-booter-2.22.2.jar:2.22.2]
	at org.apache.maven.surefire.booter.ForkedBooter.main(ForkedBooter.java:418) ~[surefire-booter-2.22.2.jar:2.22.2]
Caused by: org.springframework.beans.factory.BeanCreationException: Error creating bean with name 'newsController': Injection of resource dependencies failed; nested exception is org.springframework.beans.factory.BeanNotOfRequiredTypeException: Bean named 'newsService' is expected to be of type 'com.yxh.springboot.service.impl.NewsServiceImpl' but was actually of type 'com.sun.proxy.$Proxy107'
	at org.springframework.context.annotation.CommonAnnotationBeanPostProcessor.postProcessProperties(CommonAnnotationBeanPostProcessor.java:332) ~[spring-context-5.3.15.jar:5.3.15]
	at org.springframework.beans.factory.support.AbstractAutowireCapableBeanFactory.populateBean(AbstractAutowireCapableBeanFactory.java:1431) ~[spring-beans-5.3.15.jar:5.3.15]
	at org.springframework.beans.factory.support.AbstractAutowireCapableBeanFactory.doCreateBean(AbstractAutowireCapableBeanFactory.java:619) ~[spring-beans-5.3.15.jar:5.3.15]
	at org.springframework.beans.factory.support.AbstractAutowireCapableBeanFactory.createBean(AbstractAutowireCapableBeanFactory.java:542) ~[spring-beans-5.3.15.jar:5.3.15]
	at org.springframework.beans.factory.support.AbstractBeanFactory.lambda$doGetBean$0(AbstractBeanFactory.java:335) ~[spring-beans-5.3.15.jar:5.3.15]
	at org.springframework.beans.factory.support.DefaultSingletonBeanRegistry.getSingleton(DefaultSingletonBeanRegistry.java:234) ~[spring-beans-5.3.15.jar:5.3.15]
	at org.springframework.beans.factory.support.AbstractBeanFactory.doGetBean(AbstractBeanFactory.java:333) ~[spring-beans-5.3.15.jar:5.3.15]
	at org.springframework.beans.factory.support.AbstractBeanFactory.getBean(AbstractBeanFactory.java:208) ~[spring-beans-5.3.15.jar:5.3.15]
	at org.springframework.beans.factory.support.DefaultListableBeanFactory.preInstantiateSingletons(DefaultListableBeanFactory.java:953) ~[spring-beans-5.3.15.jar:5.3.15]
	at org.springframework.context.support.AbstractApplicationContext.finishBeanFactoryInitialization(AbstractApplicationContext.java:918) ~[spring-context-5.3.15.jar:5.3.15]
	at org.springframework.context.support.AbstractApplicationContext.refresh(AbstractApplicationContext.java:583) ~[spring-context-5.3.15.jar:5.3.15]
	at org.springframework.boot.SpringApplication.refresh(SpringApplication.java:732) ~[spring-boot-2.6.3.jar:2.6.3]
	at org.springframework.boot.SpringApplication.refreshContext(SpringApplication.java:414) ~[spring-boot-2.6.3.jar:2.6.3]
	at org.springframework.boot.SpringApplication.run(SpringApplication.java:302) ~[spring-boot-2.6.3.jar:2.6.3]
	at org.springframework.boot.test.context.SpringBootContextLoader.loadContext(SpringBootContextLoader.java:136) ~[spring-boot-test-2.6.3.jar:2.6.3]
	at org.springframework.test.context.cache.DefaultCacheAwareContextLoaderDelegate.loadContextInternal(DefaultCacheAwareContextLoaderDelegate.java:99) ~[spring-test-5.3.15.jar:5.3.15]
	at org.springframework.test.context.cache.DefaultCacheAwareContextLoaderDelegate.loadContext(DefaultCacheAwareContextLoaderDelegate.java:124) ~[spring-test-5.3.15.jar:5.3.15]
	... 67 common frames omitted
Caused by: org.springframework.beans.factory.BeanNotOfRequiredTypeException: Bean named 'newsService' is expected to be of type 'com.yxh.springboot.service.impl.NewsServiceImpl' but was actually of type 'com.sun.proxy.$Proxy107'
	at org.springframework.beans.factory.support.AbstractBeanFactory.adaptBeanInstance(AbstractBeanFactory.java:417) ~[spring-beans-5.3.15.jar:5.3.15]
	at org.springframework.beans.factory.support.AbstractBeanFactory.doGetBean(AbstractBeanFactory.java:398) ~[spring-beans-5.3.15.jar:5.3.15]
	at org.springframework.beans.factory.support.AbstractBeanFactory.getBean(AbstractBeanFactory.java:213) ~[spring-beans-5.3.15.jar:5.3.15]
	at org.springframework.beans.factory.support.AbstractAutowireCapableBeanFactory.resolveBeanByName(AbstractAutowireCapableBeanFactory.java:479) ~[spring-beans-5.3.15.jar:5.3.15]
	at org.springframework.context.annotation.CommonAnnotationBeanPostProcessor.autowireResource(CommonAnnotationBeanPostProcessor.java:550) ~[spring-context-5.3.15.jar:5.3.15]
	at org.springframework.context.annotation.CommonAnnotationBeanPostProcessor.getResource(CommonAnnotationBeanPostProcessor.java:520) ~[spring-context-5.3.15.jar:5.3.15]
	at org.springframework.context.annotation.CommonAnnotationBeanPostProcessor$ResourceElement.getResourceToInject(CommonAnnotationBeanPostProcessor.java:673) ~[spring-context-5.3.15.jar:5.3.15]
	at org.springframework.beans.factory.annotation.InjectionMetadata$InjectedElement.inject(InjectionMetadata.java:228) ~[spring-beans-5.3.15.jar:5.3.15]
	at org.springframework.beans.factory.annotation.InjectionMetadata.inject(InjectionMetadata.java:119) ~[spring-beans-5.3.15.jar:5.3.15]
	at org.springframework.context.annotation.CommonAnnotationBeanPostProcessor.postProcessProperties(CommonAnnotationBeanPostProcessor.java:329) ~[spring-context-5.3.15.jar:5.3.15]
	... 83 common frames omitted

]]></system-out>
  </testcase>
</testsuite>